mode: set
product-service/dao/auction_rule.go:18.53,20.2 1 0
product-service/dao/auction_rule.go:23.85,25.2 1 0
product-service/dao/auction_rule.go:28.93,31.16 3 0
product-service/dao/auction_rule.go:31.16,33.3 1 0
product-service/dao/auction_rule.go:34.2,34.19 1 0
product-service/dao/auction_rule.go:38.107,41.16 3 0
product-service/dao/auction_rule.go:41.16,42.45 1 0
product-service/dao/auction_rule.go:42.45,44.4 1 0
product-service/dao/auction_rule.go:45.3,45.18 1 0
product-service/dao/auction_rule.go:47.2,47.19 1 0
product-service/dao/auction_rule.go:51.107,54.16 3 0
product-service/dao/auction_rule.go:54.16,55.45 1 0
product-service/dao/auction_rule.go:55.45,57.4 1 0
product-service/dao/auction_rule.go:58.3,58.18 1 0
product-service/dao/auction_rule.go:60.2,60.19 1 0
product-service/dao/auction_rule.go:64.85,66.2 1 0
product-service/dao/auction_rule.go:69.70,71.2 1 0
product-service/dao/auction_rule.go:74.85,79.2 1 0
product-service/dao/db.go:25.44,37.16 3 0
product-service/dao/db.go:37.16,39.3 1 0
product-service/dao/db.go:41.2,42.16 2 0
product-service/dao/db.go:42.16,44.3 1 0
product-service/dao/db.go:47.2,52.16 5 0
product-service/dao/db.go:56.23,58.2 1 0
product-service/dao/db.go:61.40,70.2 2 0
product-service/dao/db.go:72.55,73.42 1 0
product-service/dao/db.go:73.42,75.3 1 0
product-service/dao/db.go:76.2,76.21 1 0
product-service/dao/history.go:22.45,24.2 1 0
product-service/dao/history.go:37.128,62.118 5 0
product-service/dao/history.go:62.118,64.3 1 0
product-service/dao/history.go:67.2,74.89 2 0
product-service/dao/history.go:74.89,76.3 1 0
product-service/dao/history.go:78.2,78.26 1 0
product-service/dao/history.go:82.132,95.54 5 0
product-service/dao/history.go:95.54,97.3 1 0
product-service/dao/history.go:99.2,99.26 1 0
product-service/dao/history.go:99.26,101.3 1 0
product-service/dao/history.go:104.2,116.37 2 0
product-service/dao/history.go:116.37,118.3 1 0
product-service/dao/history.go:121.2,121.29 1 0
product-service/dao/history.go:121.29,133.41 3 0
product-service/dao/history.go:133.41,135.4 1 0
product-service/dao/history.go:138.3,146.35 2 0
product-service/dao/history.go:146.35,149.4 2 0
product-service/dao/history.go:152.3,159.30 4 0
product-service/dao/history.go:163.2,168.26 2 0
product-service/dao/order.go:18.41,20.2 1 0
product-service/dao/order.go:23.74,25.2 1 0
product-service/dao/order.go:28.81,31.16 3 0
product-service/dao/order.go:31.16,33.3 1 0
product-service/dao/order.go:34.2,34.20 1 0
product-service/dao/order.go:38.111,43.19 4 0
product-service/dao/order.go:43.19,45.3 1 0
product-service/dao/order.go:47.2,47.50 1 0
product-service/dao/order.go:47.50,49.3 1 0
product-service/dao/order.go:51.2,52.106 2 0
product-service/dao/order.go:52.106,54.3 1 0
product-service/dao/order.go:56.2,56.27 1 0
product-service/dao/order.go:60.96,65.2 1 0
product-service/dao/order.go:68.95,71.16 3 0
product-service/dao/order.go:71.16,73.3 1 0
product-service/dao/order.go:74.2,74.20 1 0
product-service/dao/order.go:78.126,83.19 4 0
product-service/dao/order.go:83.19,85.3 1 0
product-service/dao/order.go:87.2,87.50 1 0
product-service/dao/order.go:87.50,89.3 1 0
product-service/dao/order.go:91.2,92.106 2 0
product-service/dao/order.go:92.106,94.3 1 0
product-service/dao/order.go:96.2,96.27 1 0
product-service/dao/order.go:100.74,102.2 1 0
product-service/dao/order.go:105.66,114.2 2 0
product-service/dao/order.go:117.67,126.2 2 0
product-service/dao/order.go:129.71,138.2 2 0
product-service/dao/product.go:17.45,19.2 1 0
product-service/dao/product.go:22.80,24.2 1 0
product-service/dao/product.go:27.85,30.16 3 0
product-service/dao/product.go:30.16,32.3 1 0
product-service/dao/product.go:33.2,33.22 1 0
product-service/dao/product.go:37.129,42.19 4 0
product-service/dao/product.go:42.19,44.3 1 0
product-service/dao/product.go:46.2,46.50 1 0
product-service/dao/product.go:46.50,48.3 1 0
product-service/dao/product.go:50.2,51.108 2 0
product-service/dao/product.go:51.108,53.3 1 0
product-service/dao/product.go:55.2,55.29 1 0
product-service/dao/product.go:59.80,61.2 1 0
product-service/dao/product.go:64.66,66.2 1 0
product-service/dao/product.go:69.100,74.2 1 0
product-service/dao/statistics.go:18.51,20.2 1 0
product-service/dao/statistics.go:82.87,97.21 7 0
product-service/dao/statistics.go:97.21,99.3 1 0
product-service/dao/statistics.go:102.2,123.23 11 0
product-service/dao/statistics.go:127.126,131.22 3 0
product-service/dao/statistics.go:131.22,133.3 1 0
product-service/dao/statistics.go:134.2,134.20 1 0
product-service/dao/statistics.go:134.20,136.3 1 0
product-service/dao/statistics.go:139.2,147.21 6 0
product-service/dao/statistics.go:147.21,149.3 1 0
product-service/dao/statistics.go:152.2,157.20 3 0
product-service/dao/statistics.go:161.143,174.26 6 0
product-service/dao/statistics.go:174.26,186.3 5 0
product-service/dao/statistics.go:189.2,191.20 2 0
product-service/dao/statistics.go:195.120,228.2 13 0
product-service/docs/docs.go:946.13,948.2 1 0
product-service/main.go:14.13,17.16 2 0
product-service/main.go:17.16,19.3 1 0
product-service/main.go:22.2,27.16 1 0
product-service/main.go:27.16,29.3 1 0
product-service/main.go:32.2,59.10 16 0
product-service/main.go:63.194,90.2 18 0
product-service/model/auction_rule.go:20.39,22.2 1 0
product-service/model/order.go:31.33,33.2 1 0
product-service/model/product.go:29.35,31.2 1 0
product-service/model/product.go:37.50,38.14 1 0
product-service/model/product.go:38.14,40.3 1 0
product-service/model/product.go:41.2,41.24 1 0
product-service/model/product.go:45.51,46.18 1 0
product-service/model/product.go:46.18,49.3 2 0
product-service/model/product.go:50.2,51.9 2 0
product-service/model/product.go:51.9,53.3 1 0
product-service/model/product.go:54.2,54.33 1 0
product-service/model/user.go:20.31,22.2 1 0
product-service/model/user.go:25.32,27.2 1 0
product-service/model/user.go:30.32,32.2 1 0
product-service/handler/order.go:18.72,22.2 1 0
product-service/handler/order.go:35.73,38.21 3 0
product-service/handler/order.go:38.21,40.17 2 0
product-service/handler/order.go:40.17,42.4 1 0
product-service/handler/order.go:45.2,49.16 4 0
product-service/handler/order.go:49.16,55.3 2 0
product-service/handler/order.go:57.2,60.4 1 0
product-service/handler/order.go:73.72,76.16 3 0
product-service/handler/order.go:76.16,82.3 2 0
product-service/handler/order.go:84.2,85.16 2 0
product-service/handler/order.go:85.16,91.3 2 0
product-service/handler/order.go:93.2,93.20 1 0
product-service/handler/order.go:106.72,109.16 3 0
product-service/handler/order.go:109.16,115.3 2 0
product-service/handler/order.go:117.2,118.16 2 0
product-service/handler/order.go:118.16,124.3 2 0
product-service/handler/order.go:126.2,126.20 1 0
product-service/handler/order.go:139.73,142.16 3 0
product-service/handler/order.go:142.16,148.3 2 0
product-service/handler/order.go:150.2,151.16 2 0
product-service/handler/order.go:151.16,157.3 2 0
product-service/handler/order.go:159.2,159.20 1 0
product-service/handler/order.go:163.75,166.16 3 0
product-service/handler/order.go:166.16,172.3 2 0
product-service/handler/order.go:174.2,177.41 2 0
product-service/handler/order.go:177.41,183.3 2 0
product-service/handler/order.go:185.2,186.16 2 0
product-service/handler/order.go:186.16,192.3 2 0
product-service/handler/order.go:195.2,195.20 1 0
product-service/handler/order.go:196.9,197.48 1 0
product-service/handler/order.go:198.9,199.49 1 0
product-service/handler/order.go:200.10,205.9 2 0
product-service/handler/order.go:208.2,208.16 1 0
product-service/handler/order.go:208.16,214.3 2 0
product-service/handler/order.go:216.2,216.20 1 0
product-service/handler/order.go:220.83,224.16 3 0
product-service/handler/order.go:224.16,230.3 2 0
product-service/handler/order.go:232.2,236.16 4 0
product-service/handler/order.go:236.16,242.3 2 0
product-service/handler/order.go:244.2,249.4 1 0
product-service/handler/product.go:19.80,23.2 1 0
product-service/handler/product.go:37.77,39.41 2 0
product-service/handler/product.go:39.41,45.3 2 0
product-service/handler/product.go:47.2,48.16 2 0
product-service/handler/product.go:48.16,54.3 2 0
product-service/handler/product.go:56.2,56.22 1 0
product-service/handler/product.go:69.74,72.16 3 0
product-service/handler/product.go:72.16,78.3 2 0
product-service/handler/product.go:80.2,81.16 2 0
product-service/handler/product.go:81.16,87.3 2 0
product-service/handler/product.go:89.2,89.22 1 0
product-service/handler/product.go:103.75,107.21 3 0
product-service/handler/product.go:107.21,109.17 2 0
product-service/handler/product.go:109.17,112.4 2 0
product-service/handler/product.go:115.2,119.16 4 0
product-service/handler/product.go:119.16,125.3 2 0
product-service/handler/product.go:127.2,132.4 1 0
product-service/handler/product.go:148.77,151.16 3 0
product-service/handler/product.go:151.16,157.3 2 0
product-service/handler/product.go:159.2,160.41 2 0
product-service/handler/product.go:160.41,166.3 2 0
product-service/handler/product.go:168.2,169.16 2 0
product-service/handler/product.go:169.16,175.3 2 0
product-service/handler/product.go:177.2,177.22 1 0
product-service/handler/product.go:191.77,194.16 3 0
product-service/handler/product.go:194.16,200.3 2 0
product-service/handler/product.go:202.2,202.64 1 0
product-service/handler/product.go:202.64,208.3 2 0
product-service/handler/product.go:210.2,213.4 1 0
product-service/handler/rule.go:18.74,22.2 1 0
product-service/handler/rule.go:25.74,29.16 3 0
product-service/handler/rule.go:29.16,35.3 2 0
product-service/handler/rule.go:37.2,38.41 2 0
product-service/handler/rule.go:38.41,44.3 2 0
product-service/handler/rule.go:47.2,50.16 3 0
product-service/handler/rule.go:50.16,56.3 2 0
product-service/handler/rule.go:58.2,58.19 1 0
product-service/handler/rule.go:62.71,65.16 3 0
product-service/handler/rule.go:65.16,71.3 2 0
product-service/handler/rule.go:74.2,75.16 2 0
product-service/handler/rule.go:75.16,81.3 2 0
product-service/handler/rule.go:83.2,83.17 1 0
product-service/handler/rule.go:83.17,89.3 2 0
product-service/handler/rule.go:91.2,91.19 1 0
product-service/handler/statistics.go:18.92,22.2 1 0
product-service/handler/statistics.go:35.85,38.32 2 0
product-service/handler/statistics.go:38.32,44.3 2 0
product-service/handler/statistics.go:46.2,47.16 2 0
product-service/handler/statistics.go:47.16,53.3 2 0
product-service/handler/statistics.go:55.2,55.23 1 0
product-service/handler/statistics.go:71.94,74.32 2 0
product-service/handler/statistics.go:74.32,80.3 2 0
product-service/handler/statistics.go:83.2,84.63 2 0
product-service/handler/statistics.go:84.63,85.67 1 0
product-service/handler/statistics.go:85.67,87.4 1 0
product-service/handler/statistics.go:89.2,89.57 1 0
product-service/handler/statistics.go:89.57,90.65 1 0
product-service/handler/statistics.go:90.65,92.4 1 0
product-service/handler/statistics.go:95.2,96.16 2 0
product-service/handler/statistics.go:96.16,102.3 2 0
product-service/handler/statistics.go:104.2,104.20 1 0
product-service/handler/statistics.go:121.94,124.32 2 0
product-service/handler/statistics.go:124.32,130.3 2 0
product-service/handler/statistics.go:133.2,134.63 2 0
product-service/handler/statistics.go:134.63,135.67 1 0
product-service/handler/statistics.go:135.67,137.4 1 0
product-service/handler/statistics.go:139.2,139.57 1 0
product-service/handler/statistics.go:139.57,140.65 1 0
product-service/handler/statistics.go:140.65,142.4 1 0
product-service/handler/statistics.go:145.2,148.16 3 0
product-service/handler/statistics.go:148.16,154.3 2 0
product-service/handler/statistics.go:156.2,156.20 1 0
product-service/handler/statistics.go:172.91,175.32 2 0
product-service/handler/statistics.go:175.32,181.3 2 0
product-service/handler/statistics.go:184.2,185.63 2 0
product-service/handler/statistics.go:185.63,186.67 1 0
product-service/handler/statistics.go:186.67,188.4 1 0
product-service/handler/statistics.go:190.2,190.57 1 0
product-service/handler/statistics.go:190.57,191.65 1 0
product-service/handler/statistics.go:191.65,193.4 1 0
product-service/handler/statistics.go:196.2,197.16 2 0
product-service/handler/statistics.go:197.16,203.3 2 0
product-service/handler/statistics.go:205.2,205.20 1 0
product-service/service/history.go:15.68,19.2 1 0
product-service/service/history.go:22.134,24.15 1 0
product-service/service/history.go:24.15,26.3 1 0
product-service/service/history.go:27.2,27.37 1 0
product-service/service/history.go:27.37,29.3 1 0
product-service/service/history.go:32.2,33.16 2 0
product-service/service/history.go:33.16,36.17 2 0
product-service/service/history.go:36.17,38.4 1 0
product-service/service/history.go:41.2,41.26 1 0
product-service/service/order.go:30.88,35.2 1 0
product-service/service/order.go:38.79,40.2 1 0
product-service/service/order.go:43.137,52.54 2 0
product-service/service/order.go:52.54,54.3 1 0
product-service/service/order.go:56.2,56.19 1 0
product-service/service/order.go:60.86,62.2 1 0
product-service/service/order.go:65.121,67.2 1 0
product-service/service/order.go:70.86,72.16 2 0
product-service/service/order.go:72.16,74.3 1 0
product-service/service/order.go:76.2,76.46 1 0
product-service/service/order.go:76.46,78.3 1 0
product-service/service/order.go:80.2,80.80 1 0
product-service/service/order.go:80.80,82.3 1 0
product-service/service/order.go:85.2,85.35 1 0
product-service/service/order.go:85.35,86.13 1 0
product-service/service/order.go:86.13,88.4 1 0
product-service/service/order.go:91.2,91.36 1 0
product-service/service/order.go:95.87,97.16 2 0
product-service/service/order.go:97.16,99.3 1 0
product-service/service/order.go:101.2,101.43 1 0
product-service/service/order.go:101.43,103.3 1 0
product-service/service/order.go:105.2,105.83 1 0
product-service/service/order.go:105.83,107.3 1 0
product-service/service/order.go:110.2,110.35 1 0
product-service/service/order.go:110.35,111.13 1 0
product-service/service/order.go:111.13,113.4 1 0
product-service/service/order.go:116.2,116.36 1 0
product-service/service/order.go:120.91,122.16 2 0
product-service/service/order.go:122.16,124.3 1 0
product-service/service/order.go:126.2,126.46 1 0
product-service/service/order.go:126.46,128.3 1 0
product-service/service/order.go:130.2,130.85 1 0
product-service/service/order.go:130.85,132.3 1 0
product-service/service/order.go:135.2,135.35 1 0
product-service/service/order.go:135.35,136.13 1 0
product-service/service/order.go:136.13,138.4 1 0
product-service/service/order.go:141.2,141.36 1 0
product-service/service/order.go:147.104,150.2 2 0
product-service/service/order.go:152.107,155.2 2 0
product-service/service/order.go:157.109,160.2 2 0
product-service/service/order.go:163.132,165.25 1 0
product-service/service/order.go:165.25,167.17 2 0
product-service/service/order.go:167.17,170.18 2 0
product-service/service/order.go:170.18,172.5 1 0
product-service/service/order.go:175.3,175.27 1 0
product-service/service/order.go:179.2,179.40 1 0
product-service/service/product.go:24.97,29.2 1 0
product-service/service/product.go:46.112,47.20 1 0
product-service/service/product.go:47.20,49.3 1 0
product-service/service/product.go:51.2,58.58 2 0
product-service/service/product.go:58.58,60.3 1 0
product-service/service/product.go:62.2,62.21 1 0
product-service/service/product.go:66.92,68.2 1 0
product-service/service/product.go:71.141,72.15 1 0
product-service/service/product.go:72.15,74.3 1 0
product-service/service/product.go:75.2,75.37 1 0
product-service/service/product.go:75.37,77.3 1 0
product-service/service/product.go:78.2,78.55 1 0
product-service/service/product.go:82.122,84.16 2 0
product-service/service/product.go:84.16,86.3 1 0
product-service/service/product.go:88.2,88.20 1 0
product-service/service/product.go:88.20,90.3 1 0
product-service/service/product.go:91.2,91.27 1 0
product-service/service/product.go:91.27,93.3 1 0
product-service/service/product.go:94.2,94.23 1 0
product-service/service/product.go:94.23,96.3 1 0
product-service/service/product.go:98.2,98.58 1 0
product-service/service/product.go:98.58,100.3 1 0
product-service/service/product.go:102.2,102.21 1 0
product-service/service/product.go:106.77,108.2 1 0
product-service/service/product.go:111.78,113.2 1 0
product-service/service/product.go:128.124,130.28 1 0
product-service/service/product.go:130.28,132.3 1 0
product-service/service/product.go:133.2,133.27 1 0
product-service/service/product.go:133.27,135.3 1 0
product-service/service/product.go:136.2,136.33 1 0
product-service/service/product.go:136.33,138.3 1 0
product-service/service/product.go:140.2,151.52 2 0
product-service/service/product.go:151.52,153.3 1 0
product-service/service/product.go:156.2,158.18 2 0
product-service/service/product.go:162.70,168.29 4 0
product-service/service/product.go:168.29,170.3 1 0
product-service/service/product.go:172.2,180.16 3 0
product-service/service/product.go:180.16,183.3 2 0
product-service/service/product.go:185.2,186.16 2 0
product-service/service/product.go:186.16,189.3 2 0
product-service/service/product.go:191.2,195.16 4 0
product-service/service/product.go:195.16,198.3 2 0
product-service/service/product.go:199.2,201.79 2 0
product-service/service/product.go:201.79,204.3 2 0
product-service/service/product.go:206.2,206.77 1 0
product-service/service/product.go:210.107,212.2 1 0
product-service/service/statistics.go:16.80,20.2 1 0
product-service/service/statistics.go:32.95,34.2 1 0
product-service/service/statistics.go:48.134,50.2 1 0
product-service/service/statistics.go:65.151,67.2 1 0
product-service/service/statistics.go:81.128,83.2 1 0
